<?xml version="1.0" encoding="UTF-8"?>
<!-- Generated by org.testng.reporters.JUnitReportReporter -->
<testsuite hostname="MSI" failures="0" tests="2" name="uiAppFeature.AmazonTestRunner" time="20.611" errors="0" timestamp="2025-05-07T16:01:39 IST" skipped="0">
  <testcase classname="uiAppFeature.AmazonTestRunner" name="runScenario" time="11.334"/>
  <system-out/>
  <testcase classname="uiAppFeature.AmazonTestRunner" name="runScenario" time="9.277"/>
  <system-out/>
</testsuite> <!-- uiAppFeature.AmazonTestRunner -->
