<?xml version="1.0" encoding="UTF-8"?>
<!-- Generated by org.testng.reporters.JUnitReportReporter -->
<testsuite hostname="MSI" failures="0" tests="1" name="uiAppFeature.FaliedTestRunner" time="8.113" errors="0" timestamp="2025-05-06T00:32:30 IST" skipped="0">
  <testcase classname="uiAppFeature.FaliedTestRunner" name="runScenario" time="8.113"/>
  <system-out/>
</testsuite> <!-- uiAppFeature.FaliedTestRunner -->
